<?xml version="1.0" encoding="UTF-8"?>
<!-- Generated by org.testng.reporters.JUnitReportReporter -->
<testsuite hostname="Q15245474" name="com.ERP.Masters.Exampleng" tests="3" failures="0" timestamp="23 Aug 2016 06:55:32 GMT" time="0.031" errors="0">
  <testcase name="abc" time="0.016" classname="com.ERP.Masters.Exampleng"/>
  <testcase name="xyz" time="0.015" classname="com.ERP.Masters.Exampleng"/>
  <testcase name="pqr" time="0.000" classname="com.ERP.Masters.Exampleng"/>
</testsuite> <!-- com.ERP.Masters.Exampleng -->
