<?xml version="1.0" encoding="UTF-8"?>
<!-- Generated by org.testng.reporters.JUnitReportReporter -->
<testsuite hostname="Q15245474" name="com.ERP.Masters.Uomng" tests="4" failures="0" timestamp="24 Aug 2016 05:23:16 GMT" time="83.837" errors="0">
  <testcase name="UomMea" time="21.835" classname="com.ERP.Masters.Uomng"/>
  <testcase name="UomMea" time="21.638" classname="com.ERP.Masters.Uomng"/>
  <testcase name="UomMea" time="21.645" classname="com.ERP.Masters.Uomng"/>
  <testcase name="stockCat" time="18.719" classname="com.ERP.Masters.Uomng"/>
</testsuite> <!-- com.ERP.Masters.Uomng -->
